<?xml version="1.0" encoding="UTF-8"?>
<!-- Generated by org.testng.reporters.JUnitReportReporter -->
<testsuite hostname="RReyes-EDP-100-780.local" failures="0" tests="5" name="Testcases.LoginTestcase" time="5.139" errors="0" timestamp="2024-11-25T11:56:26 PST" skipped="0">
  <testcase classname="Testcases.LoginTestcase" name="user_Enter_username" time="0.143"/>
  <system-out/>
  <testcase classname="Testcases.LoginTestcase" name="user_Enter_password" time="0.384"/>
  <system-out/>
  <testcase classname="Testcases.LoginTestcase" name="user_enter_login" time="0.190"/>
  <system-out/>
  <testcase classname="Testcases.LoginTestcase" name="I_landed_on_ecommerce_Page" time="4.336"/>
  <system-out/>
  <testcase classname="Testcases.LoginTestcase" name="userClicksOnTheLoginButton" time="0.086"/>
  <system-out/>
</testsuite> <!-- Testcases.LoginTestcase -->
