<?xml version="1.0" encoding="UTF-8"?>
<!-- Generated by org.testng.reporters.JUnitReportReporter -->
<testsuite hostname="RReyes-EDP-100-780.local" failures="0" tests="4" name="testRunner.TestNGtestRunner" time="25.087" errors="0" timestamp="2024-12-01T16:38:37 PST" skipped="0">
  <testcase classname="testRunner.TestNGtestRunner" name="runScenario" time="8.949"/>
  <testcase classname="testRunner.TestNGtestRunner" name="runScenario" time="4.030"/>
  <testcase classname="testRunner.TestNGtestRunner" name="runScenario" time="7.144"/>
  <testcase classname="testRunner.TestNGtestRunner" name="runScenario" time="4.964"/>
</testsuite> <!-- testRunner.TestNGtestRunner -->
