<?xml version="1.0" encoding="UTF-8"?>
<!-- Generated by org.testng.reporters.JUnitReportReporter -->
<testsuite hostname="RReyes-EDP-100-780.local" failures="0" tests="2" name="features.TestNGtestRunner" time="13.448" errors="0" timestamp="2024-11-30T11:55:12 PST" skipped="0">
  <testcase classname="features.TestNGtestRunner" name="runScenario" time="6.613"/>
  <testcase classname="features.TestNGtestRunner" name="runScenario" time="6.835"/>
</testsuite> <!-- features.TestNGtestRunner -->
